StackAttackLibrary/build/intermediates/manifest_merge_blame_file/debug/manifest-merger-blame-debug-report.txt
1<?xml version="1.0" encoding="utf-8"?>
2<manifest xmlns:android="http://schemas.android.com/apk/res/android"
3    package="com.wagoodman.stackattack"
4    android:versionCode="1"
5    android:versionName="library" >
6
7    <uses-sdk
7-->StackAttack/StackAttackLibrary/AndroidManifest.xml:4:5-47
8        android:minSdkVersion="16"
8-->StackAttack/StackAttackLibrary/AndroidManifest.xml:4:5-47
9        android:targetSdkVersion="16" />
9-->StackAttack/StackAttackLibrary/AndroidManifest.xml:4:15-44
10
11    <!-- <uses-permission android:name="android.permission.WRITE_EXTERNAL_STORAGE" /> -->
12    <uses-permission android:name="android.permission.VIBRATE" />
12-->StackAttack/StackAttackLibrary/AndroidManifest.xml:7:5-66
12-->StackAttack/StackAttackLibrary/AndroidManifest.xml:7:22-63
13    <!--
14    // the high 16 bit define the Major Version,
15	// the low 16 bits define the Minor Version,
16	// so this is OpenGL ES 1.1
17    -->
18    <uses-feature android:glEsVersion="0x00010001" />
18-->StackAttack/StackAttackLibrary/AndroidManifest.xml:12:2-51
18-->StackAttack/StackAttackLibrary/AndroidManifest.xml:12:16-48
19
20    <!-- android:theme="@android:style/Theme.Translucent.NoTitleBar" -->
21    <!-- in application: android:icon="@drawable/icon" -->
22    <application
22-->StackAttack/StackAttackLibrary/AndroidManifest.xml:16:5-42:19
23        android:hardwareAccelerated="true"
23-->StackAttack/StackAttackLibrary/AndroidManifest.xml:20:18-52
24        android:icon="@drawable/icon"
24-->StackAttack/StackAttackLibrary/AndroidManifest.xml:18:18-47
25        android:label="@string/app_name"
25-->StackAttack/StackAttackLibrary/AndroidManifest.xml:17:18-50
26        android:theme="@android:style/Theme.NoTitleBar" > <!-- 3.0+ only! -->
26-->StackAttack/StackAttackLibrary/AndroidManifest.xml:19:18-65
27        <activity
27-->StackAttack/StackAttackLibrary/AndroidManifest.xml:21:9-31:20
28            android:name="com.wagoodman.stackattack.StackAttack"
28-->StackAttack/StackAttackLibrary/AndroidManifest.xml:21:19-46
29            android:alwaysRetainTaskState="true"
29-->StackAttack/StackAttackLibrary/AndroidManifest.xml:25:19-55
30            android:keepScreenOn="true"
30-->StackAttack/StackAttackLibrary/AndroidManifest.xml:26:19-46
31            android:label="@string/app_name"
31-->StackAttack/StackAttackLibrary/AndroidManifest.xml:22:19-51
32            android:launchMode="singleTask"
32-->StackAttack/StackAttackLibrary/AndroidManifest.xml:24:19-50
33            android:screenOrientation="portrait" >
33-->StackAttack/StackAttackLibrary/AndroidManifest.xml:23:19-55
34            <intent-filter>
34-->StackAttack/StackAttackLibrary/AndroidManifest.xml:27:13-30:29
35                <action android:name="android.intent.action.MAIN" />
35-->StackAttack/StackAttackLibrary/AndroidManifest.xml:28:17-69
35-->StackAttack/StackAttackLibrary/AndroidManifest.xml:28:25-66
36
37                <category android:name="android.intent.category.LAUNCHER" />
37-->StackAttack/StackAttackLibrary/AndroidManifest.xml:29:17-77
37-->StackAttack/StackAttackLibrary/AndroidManifest.xml:29:27-74
38            </intent-filter>
39        </activity>
40        <activity
40-->StackAttack/StackAttackLibrary/AndroidManifest.xml:33:6-36:55
41            android:name="com.wagoodman.stackattack.AppPreferences"
41-->StackAttack/StackAttackLibrary/AndroidManifest.xml:34:16-46
42            android:label="@string/app_name"
42-->StackAttack/StackAttackLibrary/AndroidManifest.xml:33:16-48
43            android:screenOrientation="portrait"
43-->StackAttack/StackAttackLibrary/AndroidManifest.xml:36:16-52
44            android:theme="@android:style/Theme.Black.NoTitleBar.Fullscreen" />
44-->StackAttack/StackAttackLibrary/AndroidManifest.xml:35:16-80
45        <activity
45-->StackAttack/StackAttackLibrary/AndroidManifest.xml:37:6-40:55
46            android:name="com.wagoodman.stackattack.AppPreferencesFragment"
46-->StackAttack/StackAttackLibrary/AndroidManifest.xml:38:16-54
47            android:label="@string/app_name"
47-->StackAttack/StackAttackLibrary/AndroidManifest.xml:37:16-48
48            android:screenOrientation="portrait"
48-->StackAttack/StackAttackLibrary/AndroidManifest.xml:40:16-52
49            android:theme="@android:style/Theme.Black.NoTitleBar.Fullscreen" />
49-->StackAttack/StackAttackLibrary/AndroidManifest.xml:39:16-80
50    </application>
51
52</manifest>